This is pdfTeX, Version 3.141592653-2.6-1.40.27 (MiKTeX 25.3) (preloaded format=pdflatex 2025.4.20)  20 MAY 2025 15:45
entering extended mode
 restricted \write18 enabled.
 %&-line parsing enabled.
**./main.tex
(main.tex
LaTeX2e <2024-11-01> patch level 2
L3 programming layer <2025-03-26>
(C:\Users\mps\AppData\Local\Programs\MiKTeX\tex/latex/base\report.cls
Document Class: report 2024/06/29 v1.4n Standard LaTeX document class
(C:\Users\mps\AppData\Local\Programs\MiKTeX\tex/latex/base\size12.clo
File: size12.clo 2024/06/29 v1.4n Standard LaTeX file (size option)
)
\c@part=\count197
\c@chapter=\count198
\c@section=\count199
\c@subsection=\count266
\c@subsubsection=\count267
\c@paragraph=\count268
\c@subparagraph=\count269
\c@figure=\count270
\c@table=\count271
\abovecaptionskip=\skip49
\belowcaptionskip=\skip50
\bibindent=\dimen146
)
(C:\Users\mps\AppData\Local\Programs\MiKTeX\tex/latex/base\inputenc.sty
Package: inputenc 2024/02/08 v1.3d Input encoding file
\inpenc@prehook=\toks17
\inpenc@posthook=\toks18
)
(C:\Users\mps\AppData\Local\Programs\MiKTeX\tex/latex/base\fontenc.sty
Package: fontenc 2021/04/29 v2.0v Standard LaTeX package
)
(C:\Users\mps\AppData\Local\Programs\MiKTeX\tex/generic/babel\babel.sty
Package: babel 2025/03/27 v25.6 The multilingual framework for pdfLaTeX, LuaLaT
eX and XeLaTeX
\babel@savecnt=\count272
\U@D=\dimen147
\l@unhyphenated=\language79

(C:\Users\mps\AppData\Local\Programs\MiKTeX\tex/generic/babel\txtbabel.def)
\bbl@readstream=\read2
\bbl@dirlevel=\count273

*************************************
* Local config file bblopts.cfg used
*
(C:\Users\mps\AppData\Local\Programs\MiKTeX\tex/latex/arabi\bblopts.cfg
File: bblopts.cfg 2005/09/08 v0.1 add Arabic and Farsi to "declared" options of
 babel
)
(C:\Users\mps\AppData\Local\Programs\MiKTeX\tex/latex/babel-english\english.ldf
Language: english 2017/06/06 v3.3r English support from the babel system
Package babel Info: Hyphen rules for 'canadian' set to \l@english
(babel)             (\language0). Reported on input line 102.
Package babel Info: Hyphen rules for 'australian' set to \l@ukenglish
(babel)             (\language73). Reported on input line 105.
Package babel Info: Hyphen rules for 'newzealand' set to \l@ukenglish
(babel)             (\language73). Reported on input line 108.
))
(C:\Users\mps\AppData\Local\Programs\MiKTeX\tex/generic/babel/locale/en\babel-e
nglish.tex
Package babel Info: Importing font and identification data for english
(babel)             from babel-en.ini. Reported on input line 11.
)
(C:\Users\mps\AppData\Local\Programs\MiKTeX\tex/latex/graphics\graphicx.sty
Package: graphicx 2021/09/16 v1.2d Enhanced LaTeX Graphics (DPC,SPQR)

(C:\Users\mps\AppData\Local\Programs\MiKTeX\tex/latex/graphics\keyval.sty
Package: keyval 2022/05/29 v1.15 key=value parser (DPC)
\KV@toks@=\toks19
)
(C:\Users\mps\AppData\Local\Programs\MiKTeX\tex/latex/graphics\graphics.sty
Package: graphics 2024/08/06 v1.4g Standard LaTeX Graphics (DPC,SPQR)

(C:\Users\mps\AppData\Local\Programs\MiKTeX\tex/latex/graphics\trig.sty
Package: trig 2023/12/02 v1.11 sin cos tan (DPC)
)
(C:\Users\mps\AppData\Local\Programs\MiKTeX\tex/latex/graphics-cfg\graphics.cfg
File: graphics.cfg 2016/06/04 v1.11 sample graphics configuration
)
Package graphics Info: Driver file: pdftex.def on input line 106.
 (C:\Users\mps\AppData\Local\Programs\MiKTeX\tex/latex/graphics-def\pdftex.def
File: pdftex.def 2024/04/13 v1.2c Graphics/color driver for pdftex
))
\Gin@req@height=\dimen148
\Gin@req@width=\dimen149
) (C:\Users\mps\AppData\Local\Programs\MiKTeX\tex/latex/amsmath\amsmath.sty
Package: amsmath 2024/11/05 v2.17t AMS math features
\@mathmargin=\skip51

For additional information on amsmath, use the `?' option.
(C:\Users\mps\AppData\Local\Programs\MiKTeX\tex/latex/amsmath\amstext.sty
Package: amstext 2021/08/26 v2.01 AMS text

(C:\Users\mps\AppData\Local\Programs\MiKTeX\tex/latex/amsmath\amsgen.sty
File: amsgen.sty 1999/11/30 v2.0 generic functions
\@emptytoks=\toks20
\ex@=\dimen150
))
(C:\Users\mps\AppData\Local\Programs\MiKTeX\tex/latex/amsmath\amsbsy.sty
Package: amsbsy 1999/11/29 v1.2d Bold Symbols
\pmbraise@=\dimen151
)
(C:\Users\mps\AppData\Local\Programs\MiKTeX\tex/latex/amsmath\amsopn.sty
Package: amsopn 2022/04/08 v2.04 operator names
)
\inf@bad=\count274
LaTeX Info: Redefining \frac on input line 233.
\uproot@=\count275
\leftroot@=\count276
LaTeX Info: Redefining \overline on input line 398.
LaTeX Info: Redefining \colon on input line 409.
\classnum@=\count277
\DOTSCASE@=\count278
LaTeX Info: Redefining \ldots on input line 495.
LaTeX Info: Redefining \dots on input line 498.
LaTeX Info: Redefining \cdots on input line 619.
\Mathstrutbox@=\box53
\strutbox@=\box54
LaTeX Info: Redefining \big on input line 721.
LaTeX Info: Redefining \Big on input line 722.
LaTeX Info: Redefining \bigg on input line 723.
LaTeX Info: Redefining \Bigg on input line 724.
\big@size=\dimen152
LaTeX Font Info:    Redeclaring font encoding OML on input line 742.
LaTeX Font Info:    Redeclaring font encoding OMS on input line 743.
\macc@depth=\count279
LaTeX Info: Redefining \bmod on input line 904.
LaTeX Info: Redefining \pmod on input line 909.
LaTeX Info: Redefining \smash on input line 939.
LaTeX Info: Redefining \relbar on input line 969.
LaTeX Info: Redefining \Relbar on input line 970.
\c@MaxMatrixCols=\count280
\dotsspace@=\muskip17
\c@parentequation=\count281
\dspbrk@lvl=\count282
\tag@help=\toks21
\row@=\count283
\column@=\count284
\maxfields@=\count285
\andhelp@=\toks22
\eqnshift@=\dimen153
\alignsep@=\dimen154
\tagshift@=\dimen155
\tagwidth@=\dimen156
\totwidth@=\dimen157
\lineht@=\dimen158
\@envbody=\toks23
\multlinegap=\skip52
\multlinetaggap=\skip53
\mathdisplay@stack=\toks24
LaTeX Info: Redefining \[ on input line 2953.
LaTeX Info: Redefining \] on input line 2954.
)
(C:\Users\mps\AppData\Local\Programs\MiKTeX\tex/latex/amsfonts\amssymb.sty
Package: amssymb 2013/01/14 v3.01 AMS font symbols

(C:\Users\mps\AppData\Local\Programs\MiKTeX\tex/latex/amsfonts\amsfonts.sty
Package: amsfonts 2013/01/14 v3.01 Basic AMSFonts support
\symAMSa=\mathgroup4
\symAMSb=\mathgroup5
LaTeX Font Info:    Redeclaring math symbol \hbar on input line 98.
LaTeX Font Info:    Overwriting math alphabet `\mathfrak' in version `bold'
(Font)                  U/euf/m/n --> U/euf/b/n on input line 106.
))
(C:\Users\mps\AppData\Local\Programs\MiKTeX\tex/latex/hyperref\hyperref.sty
Package: hyperref 2024-11-05 v7.01l Hypertext links for LaTeX

(C:\Users\mps\AppData\Local\Programs\MiKTeX\tex/generic/iftex\iftex.sty
Package: iftex 2024/12/12 v1.0g TeX engine tests
)
(C:\Users\mps\AppData\Local\Programs\MiKTeX\tex/latex/kvsetkeys\kvsetkeys.sty
Package: kvsetkeys 2022-10-05 v1.19 Key value parser (HO)
)
(C:\Users\mps\AppData\Local\Programs\MiKTeX\tex/generic/kvdefinekeys\kvdefineke
ys.sty
Package: kvdefinekeys 2019-12-19 v1.6 Define keys (HO)
)
(C:\Users\mps\AppData\Local\Programs\MiKTeX\tex/generic/pdfescape\pdfescape.sty
Package: pdfescape 2019/12/09 v1.15 Implements pdfTeX's escape features (HO)
(C:\Users\mps\AppData\Local\Programs\MiKTeX\tex/generic/ltxcmds\ltxcmds.sty
Package: ltxcmds 2023-12-04 v1.26 LaTeX kernel commands for general use (HO)
)
(C:\Users\mps\AppData\Local\Programs\MiKTeX\tex/generic/pdftexcmds\pdftexcmds.s
ty
Package: pdftexcmds 2020-06-27 v0.33 Utility functions of pdfTeX for LuaTeX (HO
)

(C:\Users\mps\AppData\Local\Programs\MiKTeX\tex/generic/infwarerr\infwarerr.sty
Package: infwarerr 2019/12/03 v1.5 Providing info/warning/error messages (HO)
)
Package pdftexcmds Info: \pdf@primitive is available.
Package pdftexcmds Info: \pdf@ifprimitive is available.
Package pdftexcmds Info: \pdfdraftmode found.
)) (C:\Users\mps\AppData\Local\Programs\MiKTeX\tex/latex/hycolor\hycolor.sty
Package: hycolor 2020-01-27 v1.10 Color options for hyperref/bookmark (HO)
)
(C:\Users\mps\AppData\Local\Programs\MiKTeX\tex/latex/hyperref\nameref.sty
Package: nameref 2023-11-26 v2.56 Cross-referencing by name of section

(C:\Users\mps\AppData\Local\Programs\MiKTeX\tex/latex/refcount\refcount.sty
Package: refcount 2019/12/15 v3.6 Data extraction from label references (HO)
)
(C:\Users\mps\AppData\Local\Programs\MiKTeX\tex/generic/gettitlestring\gettitle
string.sty
Package: gettitlestring 2019/12/15 v1.6 Cleanup title references (HO)

(C:\Users\mps\AppData\Local\Programs\MiKTeX\tex/latex/kvoptions\kvoptions.sty
Package: kvoptions 2022-06-15 v3.15 Key value format for package options (HO)
))
\c@section@level=\count286
) (C:\Users\mps\AppData\Local\Programs\MiKTeX\tex/latex/etoolbox\etoolbox.sty
Package: etoolbox 2025/02/11 v2.5l e-TeX tools for LaTeX (JAW)
\etb@tempcnta=\count287
)
(C:\Users\mps\AppData\Local\Programs\MiKTeX\tex/generic/stringenc\stringenc.sty
Package: stringenc 2019/11/29 v1.12 Convert strings between diff. encodings (HO
)
)
\@linkdim=\dimen159
\Hy@linkcounter=\count288
\Hy@pagecounter=\count289
 (C:\Users\mps\AppData\Local\Programs\MiKTeX\tex/latex/hyperref\pd1enc.def
File: pd1enc.def 2024-11-05 v7.01l Hyperref: PDFDocEncoding definition (HO)
Now handling font encoding PD1 ...
... no UTF-8 mapping file for font encoding PD1
)
(C:\Users\mps\AppData\Local\Programs\MiKTeX\tex/generic/intcalc\intcalc.sty
Package: intcalc 2019/12/15 v1.3 Expandable calculations with integers (HO)
)
\Hy@SavedSpaceFactor=\count290

(C:\Users\mps\AppData\Local\Programs\MiKTeX\tex/latex/hyperref\puenc.def
File: puenc.def 2024-11-05 v7.01l Hyperref: PDF Unicode definition (HO)
Now handling font encoding PU ...
... no UTF-8 mapping file for font encoding PU
)
Package hyperref Info: Hyper figures OFF on input line 4157.
Package hyperref Info: Link nesting OFF on input line 4162.
Package hyperref Info: Hyper index ON on input line 4165.
Package hyperref Info: Plain pages OFF on input line 4172.
Package hyperref Info: Backreferencing OFF on input line 4177.
Package hyperref Info: Implicit mode ON; LaTeX internals redefined.
Package hyperref Info: Bookmarks ON on input line 4424.
\c@Hy@tempcnt=\count291

(C:\Users\mps\AppData\Local\Programs\MiKTeX\tex/latex/url\url.sty
\Urlmuskip=\muskip18
Package: url 2013/09/16  ver 3.4  Verb mode for urls, etc.
)
LaTeX Info: Redefining \url on input line 4763.
\XeTeXLinkMargin=\dimen160

(C:\Users\mps\AppData\Local\Programs\MiKTeX\tex/generic/bitset\bitset.sty
Package: bitset 2019/12/09 v1.3 Handle bit-vector datatype (HO)

(C:\Users\mps\AppData\Local\Programs\MiKTeX\tex/generic/bigintcalc\bigintcalc.s
ty
Package: bigintcalc 2019/12/15 v1.5 Expandable calculations on big integers (HO
)
))
\Fld@menulength=\count292
\Field@Width=\dimen161
\Fld@charsize=\dimen162
Package hyperref Info: Hyper figures OFF on input line 6042.
Package hyperref Info: Link nesting OFF on input line 6047.
Package hyperref Info: Hyper index ON on input line 6050.
Package hyperref Info: backreferencing OFF on input line 6057.
Package hyperref Info: Link coloring OFF on input line 6062.
Package hyperref Info: Link coloring with OCG OFF on input line 6067.
Package hyperref Info: PDF/A mode OFF on input line 6072.

(C:\Users\mps\AppData\Local\Programs\MiKTeX\tex/latex/base\atbegshi-ltx.sty
Package: atbegshi-ltx 2021/01/10 v1.0c Emulation of the original atbegshi
package with kernel methods
)
\Hy@abspage=\count293
\c@Item=\count294
\c@Hfootnote=\count295
)
Package hyperref Info: Driver (autodetected): hpdftex.

(C:\Users\mps\AppData\Local\Programs\MiKTeX\tex/latex/hyperref\hpdftex.def
File: hpdftex.def 2024-11-05 v7.01l Hyperref driver for pdfTeX

(C:\Users\mps\AppData\Local\Programs\MiKTeX\tex/latex/base\atveryend-ltx.sty
Package: atveryend-ltx 2020/08/19 v1.0a Emulation of the original atveryend pac
kage
with kernel methods
)
\Fld@listcount=\count296
\c@bookmark@seq@number=\count297

(C:\Users\mps\AppData\Local\Programs\MiKTeX\tex/latex/rerunfilecheck\rerunfilec
heck.sty
Package: rerunfilecheck 2022-07-10 v1.10 Rerun checks for auxiliary files (HO)

(C:\Users\mps\AppData\Local\Programs\MiKTeX\tex/generic/uniquecounter\uniquecou
nter.sty
Package: uniquecounter 2019/12/15 v1.4 Provide unlimited unique counter (HO)
)
Package uniquecounter Info: New unique counter `rerunfilecheck' on input line 2
85.
)
\Hy@SectionHShift=\skip54
)
(C:\Users\mps\AppData\Local\Programs\MiKTeX\tex/latex/geometry\geometry.sty
Package: geometry 2020/01/02 v5.9 Page Geometry

(C:\Users\mps\AppData\Local\Programs\MiKTeX\tex/generic/iftex\ifvtex.sty
Package: ifvtex 2019/10/25 v1.7 ifvtex legacy package. Use iftex instead.
)
\Gm@cnth=\count298
\Gm@cntv=\count299
\c@Gm@tempcnt=\count300
\Gm@bindingoffset=\dimen163
\Gm@wd@mp=\dimen164
\Gm@odd@mp=\dimen165
\Gm@even@mp=\dimen166
\Gm@layoutwidth=\dimen167
\Gm@layoutheight=\dimen168
\Gm@layouthoffset=\dimen169
\Gm@layoutvoffset=\dimen170
\Gm@dimlist=\toks25

(C:\Users\mps\AppData\Local\Programs\MiKTeX\tex/latex/geometry\geometry.cfg))
(C:\Users\mps\AppData\Local\Programs\MiKTeX\tex/latex/fancyhdr\fancyhdr.sty
Package: fancyhdr 2025/02/07 v5.2 Extensive control of page headers and footers

\f@nch@headwidth=\skip55
\f@nch@offset@elh=\skip56
\f@nch@offset@erh=\skip57
\f@nch@offset@olh=\skip58
\f@nch@offset@orh=\skip59
\f@nch@offset@elf=\skip60
\f@nch@offset@erf=\skip61
\f@nch@offset@olf=\skip62
\f@nch@offset@orf=\skip63
\f@nch@height=\skip64
\f@nch@footalignment=\skip65
\f@nch@widthL=\skip66
\f@nch@widthC=\skip67
\f@nch@widthR=\skip68
\@temptokenb=\toks26
)
(C:\Users\mps\AppData\Local\Programs\MiKTeX\tex/latex/tocloft\tocloft.sty
Package: tocloft 2017/08/31 v2.3i parameterised ToC, etc., typesetting
Package tocloft Info: The document has chapter divisions on input line 51.
\cftparskip=\skip69
\cftbeforetoctitleskip=\skip70
\cftaftertoctitleskip=\skip71
\cftbeforepartskip=\skip72
\cftpartnumwidth=\skip73
\cftpartindent=\skip74
\cftbeforechapskip=\skip75
\cftchapindent=\skip76
\cftchapnumwidth=\skip77
\cftbeforesecskip=\skip78
\cftsecindent=\skip79
\cftsecnumwidth=\skip80
\cftbeforesubsecskip=\skip81
\cftsubsecindent=\skip82
\cftsubsecnumwidth=\skip83
\cftbeforesubsubsecskip=\skip84
\cftsubsubsecindent=\skip85
\cftsubsubsecnumwidth=\skip86
\cftbeforeparaskip=\skip87
\cftparaindent=\skip88
\cftparanumwidth=\skip89
\cftbeforesubparaskip=\skip90
\cftsubparaindent=\skip91
\cftsubparanumwidth=\skip92
\cftbeforeloftitleskip=\skip93
\cftafterloftitleskip=\skip94
\cftbeforefigskip=\skip95
\cftfigindent=\skip96
\cftfignumwidth=\skip97
\c@lofdepth=\count301
\c@lotdepth=\count302
\cftbeforelottitleskip=\skip98
\cftafterlottitleskip=\skip99
\cftbeforetabskip=\skip100
\cfttabindent=\skip101
\cfttabnumwidth=\skip102
)
(C:\Users\mps\AppData\Local\Programs\MiKTeX\tex/latex/listings\listings.sty
\lst@mode=\count303
\lst@gtempboxa=\box55
\lst@token=\toks27
\lst@length=\count304
\lst@currlwidth=\dimen171
\lst@column=\count305
\lst@pos=\count306
\lst@lostspace=\dimen172
\lst@width=\dimen173
\lst@newlines=\count307
\lst@lineno=\count308
\lst@maxwidth=\dimen174

(C:\Users\mps\AppData\Local\Programs\MiKTeX\tex/latex/listings\lstpatch.sty
File: lstpatch.sty 2024/09/23 1.10c (Carsten Heinz)
)
(C:\Users\mps\AppData\Local\Programs\MiKTeX\tex/latex/listings\lstmisc.sty
File: lstmisc.sty 2024/09/23 1.10c (Carsten Heinz)
\c@lstnumber=\count309
\lst@skipnumbers=\count310
\lst@framebox=\box56
)
(C:\Users\mps\AppData\Local\Programs\MiKTeX\tex/latex/listings\listings.cfg
File: listings.cfg 2024/09/23 1.10c listings configuration
))
Package: listings 2024/09/23 1.10c (Carsten Heinz)

(C:\Users\mps\AppData\Local\Programs\MiKTeX\tex/latex/float\float.sty
Package: float 2001/11/08 v1.3d Float enhancements (AL)
\c@float@type=\count311
\float@exts=\toks28
\float@box=\box57
\@float@everytoks=\toks29
\@floatcapt=\box58
)
(C:\Users\mps\AppData\Local\Programs\MiKTeX\tex/latex/algorithms\algorithm.sty
Package: algorithm 2009/08/24 v0.1 Document Style `algorithm' - floating enviro
nment

(C:\Users\mps\AppData\Local\Programs\MiKTeX\tex/latex/base\ifthen.sty
Package: ifthen 2024/03/16 v1.1e Standard LaTeX ifthen package (DPC)
)
\@float@every@algorithm=\toks30
\c@algorithm=\count312
)
(C:\Users\mps\AppData\Local\Programs\MiKTeX\tex/latex/enumitem\enumitem.sty
Package: enumitem 2025/02/06 v3.11 Customized lists
\labelindent=\skip103
\enit@outerparindent=\dimen175
\enit@toks=\toks31
\enit@inbox=\box59
\enit@count@id=\count313
\enitdp@description=\count314
)
(C:\Users\mps\AppData\Local\Programs\MiKTeX\tex/latex/algorithmicx\algpseudocod
e.sty
Package: algpseudocode 

(C:\Users\mps\AppData\Local\Programs\MiKTeX\tex/latex/algorithmicx\algorithmicx
.sty
Package: algorithmicx 2005/04/27 v1.2 Algorithmicx

Document Style algorithmicx 1.2 - a greatly improved `algorithmic' style
\c@ALG@line=\count315
\c@ALG@rem=\count316
\c@ALG@nested=\count317
\ALG@tlm=\skip104
\ALG@thistlm=\skip105
\c@ALG@Lnr=\count318
\c@ALG@blocknr=\count319
\c@ALG@storecount=\count320
\c@ALG@tmpcounter=\count321
\ALG@tmplength=\skip106
)
Document Style - pseudocode environments for use with the `algorithmicx' style
) (C:\Users\mps\AppData\Local\Programs\MiKTeX\tex/latex/comment\comment.sty
\CommentStream=\write3

Excluding comment 'comment')
(C:\Users\mps\AppData\Local\Programs\MiKTeX\tex/latex/booktabs\booktabs.sty
Package: booktabs 2020/01/12 v1.61803398 Publication quality tables
\heavyrulewidth=\dimen176
\lightrulewidth=\dimen177
\cmidrulewidth=\dimen178
\belowrulesep=\dimen179
\belowbottomsep=\dimen180
\aboverulesep=\dimen181
\abovetopsep=\dimen182
\cmidrulesep=\dimen183
\cmidrulekern=\dimen184
\defaultaddspace=\dimen185
\@cmidla=\count322
\@cmidlb=\count323
\@aboverulesep=\dimen186
\@belowrulesep=\dimen187
\@thisruleclass=\count324
\@lastruleclass=\count325
\@thisrulewidth=\dimen188
)
(C:\Users\mps\AppData\Local\Programs\MiKTeX\tex/latex/tools\array.sty
Package: array 2024/10/17 v2.6g Tabular extension package (FMi)
\col@sep=\dimen189
\ar@mcellbox=\box60
\extrarowheight=\dimen190
\NC@list=\toks32
\extratabsurround=\skip107
\backup@length=\skip108
\ar@cellbox=\box61
)
(C:\Users\mps\AppData\Local\Programs\MiKTeX\tex/latex/pdflscape\pdflscape.sty
Package: pdflscape 2022-10-27 v0.13 Display of landscape pages in PDF

(C:\Users\mps\AppData\Local\Programs\MiKTeX\tex/latex/pdflscape\pdflscape-nomet
adata.sty
Package: pdflscape-nometadata 2022-10-28 v0.13 Display of landscape pages in PD
F (HO)

(C:\Users\mps\AppData\Local\Programs\MiKTeX\tex/latex/graphics\lscape.sty
Package: lscape 2020/05/28 v3.02 Landscape Pages (DPC)
)
Package pdflscape Info: Auto-detected driver: pdftex on input line 81.
))
(C:\Users\mps\AppData\Local\Programs\MiKTeX\tex/latex/tools\tabularx.sty
Package: tabularx 2023/12/11 v2.12a `tabularx' package (DPC)
\TX@col@width=\dimen191
\TX@old@table=\dimen192
\TX@old@col=\dimen193
\TX@target=\dimen194
\TX@delta=\dimen195
\TX@cols=\count326
\TX@ftn=\toks33
)
(C:\Users\mps\AppData\Local\Programs\MiKTeX\tex/latex/multirow\multirow.sty
Package: multirow 2024/11/12 v2.9 Span multiple rows of a table
\multirow@colwidth=\skip109
\multirow@cntb=\count327
\multirow@dima=\skip110
\bigstrutjot=\dimen196
)
(C:\Users\mps\AppData\Local\Programs\MiKTeX\tex/latex/algorithm2e\algorithm2e.s
ty
Package: algorithm2e 2017/07/18 v5.2 algorithms environments
\c@AlgoLine=\count328
\algocf@hangindent=\skip111

(C:\Users\mps\AppData\Local\Programs\MiKTeX\tex/latex/ifoddpage\ifoddpage.sty
Package: ifoddpage 2022/10/18 v1.2 Conditionals for odd/even page detection
\c@checkoddpage=\count329
)
(C:\Users\mps\AppData\Local\Programs\MiKTeX\tex/latex/tools\xspace.sty
Package: xspace 2014/10/28 v1.13 Space after command names (DPC,MH)
)
(C:\Users\mps\AppData\Local\Programs\MiKTeX\tex/latex/relsize\relsize.sty
Package: relsize 2013/03/29 ver 4.1
)
\skiptotal=\skip112
\skiplinenumber=\skip113
\skiprule=\skip114
\skiphlne=\skip115
\skiptext=\skip116
\skiplength=\skip117
\algomargin=\skip118
\skipalgocfslide=\skip119
\algowidth=\dimen197
\inoutsize=\dimen198
\inoutindent=\dimen199
\interspacetitleruled=\dimen256
\interspacealgoruled=\dimen257
\interspacetitleboxruled=\dimen258
\algocf@ruledwidth=\skip120
\algocf@inoutbox=\box62
\algocf@inputbox=\box63
\AlCapSkip=\skip121
\AlCapHSkip=\skip122
\algoskipindent=\skip123
\algocf@nlbox=\box64
\algocf@hangingbox=\box65
\algocf@untilbox=\box66
\algocf@skipuntil=\skip124
\algocf@capbox=\box67
\algocf@lcaptionbox=\skip125
\algoheightruledefault=\skip126
\algoheightrule=\skip127
\algotitleheightruledefault=\skip128
\algotitleheightrule=\skip129
\c@algocfline=\count330
\c@algocfproc=\count331
\c@algocf=\count332
\algocf@algoframe=\box68
\algocf@algobox=\box69


! LaTeX Error: Command \algorithm already defined.
               Or name \end... illegal, see p.192 of the manual.

See the LaTeX manual or LaTeX Companion for explanation.
Type  H <return>  for immediate help.
 ...                                              
                                                  
l.2746 }
        %
? 

! LaTeX Error: Command \algorithm* already defined.
               Or name \end... illegal, see p.192 of the manual.

See the LaTeX manual or LaTeX Companion for explanation.
Type  H <return>  for immediate help.
 ...                                              
                                                  
l.2754 }
        %
? 

! LaTeX Error: Command \listofalgorithms already defined.
               Or name \end... illegal, see p.192 of the manual.

See the LaTeX manual or LaTeX Companion for explanation.
Type  H <return>  for immediate help.
 ...                                              
                                                  
l.2761 }
        %
? 
)
(C:\Users\mps\AppData\Local\Programs\MiKTeX\tex/latex/l3backend\l3backend-pdfte
x.def
File: l3backend-pdftex.def 2025-03-14 L3 backend support: PDF output (pdfTeX)
\l__color_backend_stack_int=\count333
) (main.aux (extra_begining.aux) (introduction.aux) (chapter1.aux

LaTeX Warning: Label `fig:method3_architecture' multiply defined.


LaTeX Warning: Label `tab:uav_propulsion' multiply defined.


LaTeX Warning: Label `fig:method3_architecture' multiply defined.

) (chapter2.aux) (chapter3.aux

LaTeX Warning: Label `fig:method3_architecture' multiply defined.


LaTeX Warning: Label `fig:Hello_packet_format' multiply defined.

) (Syntheses.aux))
\openout1 = `main.aux'.

LaTeX Font Info:    Checking defaults for OML/cmm/m/it on input line 48.
LaTeX Font Info:    ... okay on input line 48.
LaTeX Font Info:    Checking defaults for OMS/cmsy/m/n on input line 48.
LaTeX Font Info:    ... okay on input line 48.
LaTeX Font Info:    Checking defaults for OT1/cmr/m/n on input line 48.
LaTeX Font Info:    ... okay on input line 48.
LaTeX Font Info:    Checking defaults for T1/cmr/m/n on input line 48.
LaTeX Font Info:    ... okay on input line 48.
LaTeX Font Info:    Checking defaults for TS1/cmr/m/n on input line 48.
LaTeX Font Info:    ... okay on input line 48.
LaTeX Font Info:    Checking defaults for OMX/cmex/m/n on input line 48.
LaTeX Font Info:    ... okay on input line 48.
LaTeX Font Info:    Checking defaults for U/cmr/m/n on input line 48.
LaTeX Font Info:    ... okay on input line 48.
LaTeX Font Info:    Checking defaults for PD1/pdf/m/n on input line 48.
LaTeX Font Info:    ... okay on input line 48.
LaTeX Font Info:    Checking defaults for PU/pdf/m/n on input line 48.
LaTeX Font Info:    ... okay on input line 48.

(C:\Users\mps\AppData\Local\Programs\MiKTeX\tex/context/base/mkii\supp-pdf.mkii
[Loading MPS to PDF converter (version 2006.09.02).]
\scratchcounter=\count334
\scratchdimen=\dimen259
\scratchbox=\box70
\nofMPsegments=\count335
\nofMParguments=\count336
\everyMPshowfont=\toks34
\MPscratchCnt=\count337
\MPscratchDim=\dimen260
\MPnumerator=\count338
\makeMPintoPDFobject=\count339
\everyMPtoPDFconversion=\toks35
)
(C:\Users\mps\AppData\Local\Programs\MiKTeX\tex/latex/epstopdf-pkg\epstopdf-bas
e.sty
Package: epstopdf-base 2020-01-24 v2.11 Base part for package epstopdf
Package epstopdf-base Info: Redefining graphics rule for `.eps' on input line 4
85.

(C:\Users\mps\AppData\Local\Programs\MiKTeX\tex/latex/00miktex\epstopdf-sys.cfg
File: epstopdf-sys.cfg 2021/03/18 v2.0 Configuration of epstopdf for MiKTeX
))
Package hyperref Info: Link coloring OFF on input line 48.
 (main.out) (main.out)
\@outlinefile=\write4
\openout4 = `main.out'.


*geometry* driver: auto-detecting
*geometry* detected driver: pdftex
*geometry* verbose mode - [ preamble ] result:
* driver: pdftex
* paper: a4paper
* layout: <same size as paper>
* layoutoffset:(h,v)=(0.0pt,0.0pt)
* modes: 
* h-part:(L,W,R)=(71.13188pt, 455.24411pt, 71.13188pt)
* v-part:(T,H,B)=(71.13188pt, 702.78308pt, 71.13188pt)
* \paperwidth=597.50787pt
* \paperheight=845.04684pt
* \textwidth=455.24411pt
* \textheight=702.78308pt
* \oddsidemargin=-1.1381pt
* \evensidemargin=-1.1381pt
* \topmargin=-38.1381pt
* \headheight=12.0pt
* \headsep=25.0pt
* \topskip=12.0pt
* \footskip=30.0pt
* \marginparwidth=35.0pt
* \marginparsep=10.0pt
* \columnsep=10.0pt
* \skip\footins=10.8pt plus 4.0pt minus 2.0pt
* \hoffset=0.0pt
* \voffset=0.0pt
* \mag=1000
* \@twocolumnfalse
* \@twosidefalse
* \@mparswitchfalse
* \@reversemarginfalse
* (1in=72.27pt=25.4mm, 1cm=28.453pt)

\c@lstlisting=\count340
LaTeX Font Info:    Trying to load font information for U+msa on input line 51.

(C:\Users\mps\AppData\Local\Programs\MiKTeX\tex/latex/amsfonts\umsa.fd
File: umsa.fd 2013/01/14 v3.01 AMS symbols A
)
LaTeX Font Info:    Trying to load font information for U+msb on input line 51.


(C:\Users\mps\AppData\Local\Programs\MiKTeX\tex/latex/amsfonts\umsb.fd
File: umsb.fd 2013/01/14 v3.01 AMS symbols B
)

[1

{C:/Users/mps/AppData/Local/MiKTeX/fonts/map/pdftex/pdftex.map}]


pdfTeX warning (ext4): destination with the same identifier (name{page.1}) has 
been already used, duplicate ignored
<to be read again> 
                   \relax 
l.59 \newpage
              [1

]
\openout2 = `extra_begining.aux'.

 (extra_begining.tex)

[2


] (main.toc

[3


]

[4])
\tf@toc=\write5
\openout5 = `main.toc'.



[5] (main.lof

[6]
Overfull \hbox (10.11732pt too wide) in paragraph at lines 35--35
 [][] [][]\T1/cmr/m/n/12 Proposed Ar-chi-tec-ture of the UAV-Based Traf-fic Sur
veil-lance Sys-tem (Source: 
 []

)
\tf@lof=\write6
\openout6 = `main.lof'.



[7] (main.lot)
\tf@lot=\write7
\openout7 = `main.lot'.



[8]
\openout2 = `introduction.aux'.

 (introduction.tex)

[9


]
\openout2 = `chapter1.aux'.

 (chapter1.tex
Chapter 1.
<Figures/Chapter1/Section1/1.png, id=691, 741.972pt x 272.217pt>
File: Figures/Chapter1/Section1/1.png Graphic file (type png)
<use Figures/Chapter1/Section1/1.png>
Package pdftex.def Info: Figures/Chapter1/Section1/1.png  used on input line 32
.
(pdftex.def)             Requested size: 318.66948pt x 116.91394pt.


[10




]
<Figures/Chapter1/Section1/11.png, id=700, 1356.56813pt x 300.3722pt>
File: Figures/Chapter1/Section1/11.png Graphic file (type png)
<use Figures/Chapter1/Section1/11.png>
Package pdftex.def Info: Figures/Chapter1/Section1/11.png  used on input line 4
7.
(pdftex.def)             Requested size: 318.66948pt x 70.55997pt.
<Figures/Chapter1/Section1/2.png, id=701, 678.73575pt x 343.2825pt>
File: Figures/Chapter1/Section1/2.png Graphic file (type png)
<use Figures/Chapter1/Section1/2.png>
Package pdftex.def Info: Figures/Chapter1/Section1/2.png  used on input line 58
.
(pdftex.def)             Requested size: 318.66948pt x 161.17517pt.


[11
pdfTeX warning (ext4): destination with the same identifier (name{figure.1.1}) 
has been already used, duplicate ignored
<argument> ...shipout:D \box_use:N \l_shipout_box 
                                                  \__shipout_drop_firstpage_...
l.68     \item \textbf
                      {Octo-rotor (8 Rotors):} Highest redundancy and payloa...

pdfTeX warning (ext4): destination with the same identifier (name{figure.1.2}) 
has been already used, duplicate ignored
<argument> ...shipout:D \box_use:N \l_shipout_box 
                                                  \__shipout_drop_firstpage_...
l.68     \item \textbf
                      {Octo-rotor (8 Rotors):} Highest redundancy and payloa...

pdfTeX warning (ext4): destination with the same identifier (name{figure.1.3}) 
has been already used, duplicate ignored
<argument> ...shipout:D \box_use:N \l_shipout_box 
                                                  \__shipout_drop_firstpage_...
l.68     \item \textbf
                      {Octo-rotor (8 Rotors):} Highest redundancy and payloa...
 <./Figures/Chapter1/Section1/1.png> <./Figures/Chapter1/Section1/11.png> <./Fi
gures/Chapter1/Section1/2.png>]

LaTeX Warning: `h' float specifier changed to `ht'.



[12]

LaTeX Warning: `h' float specifier changed to `ht'.


LaTeX Warning: `h' float specifier changed to `ht'.


Overfull \hbox (8.86136pt too wide) in paragraph at lines 229--230
\T1/cmr/m/n/12 cal and high-speed op-er-a-tions. Con-versely, low thrust load-i
ng may in-di-cate endurance-
 []



[13
pdfTeX warning (ext4): destination with the same identifier (name{table.1.1}) h
as been already used, duplicate ignored
<argument> ...shipout:D \box_use:N \l_shipout_box 
                                                  \__shipout_drop_firstpage_...
l.230 \end{enumerate}
                     
pdfTeX warning (ext4): destination with the same identifier (name{table.1.2}) h
as been already used, duplicate ignored
<argument> ...shipout:D \box_use:N \l_shipout_box 
                                                  \__shipout_drop_firstpage_...
l.230 \end{enumerate}
                     
pdfTeX warning (ext4): destination with the same identifier (name{table.1.3}) h
as been already used, duplicate ignored
<argument> ...shipout:D \box_use:N \l_shipout_box 
                                                  \__shipout_drop_firstpage_...
l.230 \end{enumerate}
                     ]

[14
pdfTeX warning (ext4): destination with the same identifier (name{table.1.4}) h
as been already used, duplicate ignored
<argument> ...shipout:D \box_use:N \l_shipout_box 
                                                  \__shipout_drop_firstpage_...
l.262 \subsection
                 {Speed and Flight Time}
pdfTeX warning (ext4): destination with the same identifier (name{table.1.5}) h
as been already used, duplicate ignored
<argument> ...shipout:D \box_use:N \l_shipout_box 
                                                  \__shipout_drop_firstpage_...
l.262 \subsection
                 {Speed and Flight Time}]

LaTeX Warning: Citation `ref52' on page 15 undefined on input line 264.


LaTeX Warning: Citation `ref54' on page 15 undefined on input line 292.



[15]
<Figures/Chapter1/Section2/1.png, id=744, 853.1875pt x 621.32124pt>
File: Figures/Chapter1/Section2/1.png Graphic file (type png)
<use Figures/Chapter1/Section2/1.png>
Package pdftex.def Info: Figures/Chapter1/Section2/1.png  used on input line 33
0.
(pdftex.def)             Requested size: 318.66948pt x 232.0658pt.


[16]
Overfull \hbox (2.755pt too wide) in paragraph at lines 358--359
[]\T1/cmr/m/n/12 Various com-mu-ni-ca-tion pro-to-cols have been specif-i-cally
 de-vel-oped for Un-manned Aerial
 []



[17
pdfTeX warning (ext4): destination with the same identifier (name{figure.1.4}) 
has been already used, duplicate ignored
<argument> ...shipout:D \box_use:N \l_shipout_box 
                                                  \__shipout_drop_firstpage_...
l.365 
       <./Figures/Chapter1/Section2/1.png>]

[18
pdfTeX warning (ext4): destination with the same identifier (name{table.1.6}) h
as been already used, duplicate ignored
<argument> ...shipout:D \box_use:N \l_shipout_box 
                                                  \__shipout_drop_firstpage_...
l.404 
      ]
<Figures/Chapter1/Section4/1.jpg, id=774, 230.3004pt x 36.6168pt>
File: Figures/Chapter1/Section4/1.jpg Graphic file (type jpg)
<use Figures/Chapter1/Section4/1.jpg>
Package pdftex.def Info: Figures/Chapter1/Section4/1.jpg  used on input line 43
0.
(pdftex.def)             Requested size: 409.71692pt x 65.14806pt.

Underfull \hbox (badness 10000) in paragraph at lines 449--450
[]|\T1/cmr/m/n/12 Start-of-frame in-di-ca-tor (0xFE in
 []


Underfull \hbox (badness 1803) in paragraph at lines 461--462
[]|\T1/cmr/m/n/12 Actual mes-sage data de-pend-ing on
 []


LaTeX Warning: Reference `mavlink2_additional_fields' on page 19 undefined on i
nput line 479.



[19]
<Figures/Chapter1/Section4/2.jpg, id=786, 1647.15375pt x 173.64874pt>
File: Figures/Chapter1/Section4/2.jpg Graphic file (type jpg)
<use Figures/Chapter1/Section4/2.jpg>
Package pdftex.def Info: Figures/Chapter1/Section4/2.jpg  used on input line 48
7.
(pdftex.def)             Requested size: 364.19667pt x 38.39362pt.

Underfull \hbox (badness 10000) in paragraph at lines 503--504
[]|\T1/cmr/m/n/12 Start-of-frame in-di-ca-tor (0xFD in
 []


Overfull \hbox (7.50436pt too wide) in paragraph at lines 505--505
 []|\T1/cmr/m/n/12 Incompatibility 
 []


Underfull \hbox (badness 1558) in paragraph at lines 507--508
[]|\T1/cmr/m/n/12 Indicates com-pat-i-bil-ity op-tions that
 []


Underfull \hbox (badness 4024) in paragraph at lines 509--510
\T1/cmr/m/n/12 bits in MAVLink 1.0 to 24 bits
 []


Underfull \hbox (badness 4120) in paragraph at lines 509--510
\T1/cmr/m/n/12 in MAVLink 2.0, al-low-ing up to
 []



[20
pdfTeX warning (ext4): destination with the same identifier (name{figure.1.5}) 
has been already used, duplicate ignored
<argument> ...shipout:D \box_use:N \l_shipout_box 
                                                  \__shipout_drop_firstpage_...
l.516 
      
pdfTeX warning (ext4): destination with the same identifier (name{table.1.7}) h
as been already used, duplicate ignored
<argument> ...shipout:D \box_use:N \l_shipout_box 
                                                  \__shipout_drop_firstpage_...
l.516 
      
pdfTeX warning (ext4): destination with the same identifier (name{figure.1.6}) 
has been already used, duplicate ignored
<argument> ...shipout:D \box_use:N \l_shipout_box 
                                                  \__shipout_drop_firstpage_...
l.516 
       <./Figures/Chapter1/Section4/1.jpg> <./Figures/Chapter1/Section4/2.jpg>]


[21
pdfTeX warning (ext4): destination with the same identifier (name{table.1.8}) h
as been already used, duplicate ignored
<argument> ...shipout:D \box_use:N \l_shipout_box 
                                                  \__shipout_drop_firstpage_...
l.541 
      ]
Overfull \hbox (9.14717pt too wide) in paragraph at lines 550--600
 [][] 
 []


Overfull \hbox (5.43916pt too wide) in paragraph at lines 623--624
\T1/cmr/m/n/12 The com-mu-ni-ca-tion ar-chi-tec-ture is es-sen-tial for en-abli
ng in-tel-li-gent con-trol and au-tonomous
 []



[22
pdfTeX warning (ext4): destination with the same identifier (name{table.1.9}) h
as been already used, duplicate ignored
<argument> ...shipout:D \box_use:N \l_shipout_box 
                                                  \__shipout_drop_firstpage_...
l.635 
      ]
<Figures/Chapter1/Section5/1.png, id=809, 483.0045pt x 286.671pt>
File: Figures/Chapter1/Section5/1.png Graphic file (type png)
<use Figures/Chapter1/Section5/1.png>
Package pdftex.def Info: Figures/Chapter1/Section5/1.png  used on input line 63
9.
(pdftex.def)             Requested size: 364.19667pt x 216.1575pt.


[23
pdfTeX warning (ext4): destination with the same identifier (name{figure.1.7}) 
has been already used, duplicate ignored
<argument> ...shipout:D \box_use:N \l_shipout_box 
                                                  \__shipout_drop_firstpage_...
l.660 
       <./Figures/Chapter1/Section5/1.png>]
<Figures/Chapter1/Section5/2.png, id=820, 600.44325pt x 365.56575pt>
File: Figures/Chapter1/Section5/2.png Graphic file (type png)
<use Figures/Chapter1/Section5/2.png>
Package pdftex.def Info: Figures/Chapter1/Section5/2.png  used on input line 66
4.
(pdftex.def)             Requested size: 364.19667pt x 221.73413pt.
<Figures/Chapter1/Section5/3.png, id=823, 561.89925pt x 205.9695pt>
File: Figures/Chapter1/Section5/3.png Graphic file (type png)
<use Figures/Chapter1/Section5/3.png>
Package pdftex.def Info: Figures/Chapter1/Section5/3.png  used on input line 68
7.
(pdftex.def)             Requested size: 318.66948pt x 116.81297pt.


[24
pdfTeX warning (ext4): destination with the same identifier (name{figure.1.8}) 
has been already used, duplicate ignored
<argument> ...shipout:D \box_use:N \l_shipout_box 
                                                  \__shipout_drop_firstpage_...
l.696 
      
pdfTeX warning (ext4): destination with the same identifier (name{figure.1.9}) 
has been already used, duplicate ignored
<argument> ...shipout:D \box_use:N \l_shipout_box 
                                                  \__shipout_drop_firstpage_...
l.696 
       <./Figures/Chapter1/Section5/2.png> <./Figures/Chapter1/Section5/3.png>]
<Figures/Chapter1/Section5/4.png, id=835, 518.53725pt x 380.622pt>
File: Figures/Chapter1/Section5/4.png Graphic file (type png)
<use Figures/Chapter1/Section5/4.png>
Package pdftex.def Info: Figures/Chapter1/Section5/4.png  used on input line 70
0.
(pdftex.def)             Requested size: 273.14923pt x 200.49742pt.
<Figures/Chapter1/Section5/5.png, id=839, 528.7755pt x 437.83575pt>
File: Figures/Chapter1/Section5/5.png Graphic file (type png)
<use Figures/Chapter1/Section5/5.png>
Package pdftex.def Info: Figures/Chapter1/Section5/5.png  used on input line 71
5.
(pdftex.def)             Requested size: 273.14923pt x 226.1794pt.


[25
pdfTeX warning (ext4): destination with the same identifier (name{figure.1.10})
 has been already used, duplicate ignored
<argument> ...shipout:D \box_use:N \l_shipout_box 
                                                  \__shipout_drop_firstpage_...
l.731 
       <./Figures/Chapter1/Section5/4.png>]
Overfull \hbox (4.90834pt too wide) in paragraph at lines 746--746
 []|\T1/cmr/bx/n/12 Centralized| 
 []


Overfull \hbox (17.66214pt too wide) in paragraph at lines 746--746
 []|\T1/cmr/bx/n/12 Decentralized| 
 []


Overfull \hbox (32.1203pt too wide) in paragraph at lines 739--763
 [][] 
 []



[26
pdfTeX warning (ext4): destination with the same identifier (name{figure.1.11})
 has been already used, duplicate ignored
<argument> ...shipout:D \box_use:N \l_shipout_box 
                                                  \__shipout_drop_firstpage_...
l.769 
      
pdfTeX warning (ext4): destination with the same identifier (name{table.1.10}) 
has been already used, duplicate ignored
<argument> ...shipout:D \box_use:N \l_shipout_box 
                                                  \__shipout_drop_firstpage_...
l.769 
       <./Figures/Chapter1/Section5/5.png>]
<Figures/Chapter1/Section6/1.png, id=858, 625.1355pt x 355.3275pt>
File: Figures/Chapter1/Section6/1.png Graphic file (type png)
<use Figures/Chapter1/Section6/1.png>
Package pdftex.def Info: Figures/Chapter1/Section6/1.png  used on input line 79
2.
(pdftex.def)             Requested size: 409.71692pt x 232.88489pt.


[27
pdfTeX warning (ext4): destination with the same identifier (name{figure.1.12})
 has been already used, duplicate ignored
<argument> ...shipout:D \box_use:N \l_shipout_box 
                                                  \__shipout_drop_firstpage_...
l.804     \item \textbf
                       {Path discovery:} Uses flooding (RREQ) to find routes...
 <./Figures/Chapter1/Section6/1.png>]
<Figures/Chapter1/Section6/2.png, id=870, 633.567pt x 298.716pt>
File: Figures/Chapter1/Section6/2.png Graphic file (type png)
<use Figures/Chapter1/Section6/2.png>
Package pdftex.def Info: Figures/Chapter1/Section6/2.png  used on input line 82
3.
(pdftex.def)             Requested size: 318.66948pt x 150.24643pt.


[28
pdfTeX warning (ext4): destination with the same identifier (name{figure.1.13})
 has been already used, duplicate ignored
<argument> ...shipout:D \box_use:N \l_shipout_box 
                                                  \__shipout_drop_firstpage_...
l.842 
       <./Figures/Chapter1/Section6/2.png>]
<Figures/Chapter1/Section6/3.png, id=884, 634.16925pt x 317.988pt>
File: Figures/Chapter1/Section6/3.png Graphic file (type png)
<use Figures/Chapter1/Section6/3.png>
Package pdftex.def Info: Figures/Chapter1/Section6/3.png  used on input line 85
1.
(pdftex.def)             Requested size: 318.66948pt x 159.78934pt.


[29
pdfTeX warning (ext4): destination with the same identifier (name{figure.1.14})
 has been already used, duplicate ignored
<argument> ...shipout:D \box_use:N \l_shipout_box 
                                                  \__shipout_drop_firstpage_...
l.868 \end{itemize}
                    <./Figures/Chapter1/Section6/3.png>]

[30]

[31])

[32]
\openout2 = `chapter2.aux'.

 (chapter2.tex
Chapter 2.


[33




]
<Figures/Chapter2/Section1/1.png, id=925, 776.9025pt x 378.213pt>
File: Figures/Chapter2/Section1/1.png Graphic file (type png)
<use Figures/Chapter2/Section1/1.png>
Package pdftex.def Info: Figures/Chapter2/Section1/1.png  used on input line 65
.
(pdftex.def)             Requested size: 318.66948pt x 155.13757pt.


[34
pdfTeX warning (ext4): destination with the same identifier (name{figure.2.1}) 
has been already used, duplicate ignored
<argument> ...shipout:D \box_use:N \l_shipout_box 
                                                  \__shipout_drop_firstpage_...
l.79 \subsubsection
                   { Semi-supervised Learning for UAV Trajectory Opti <./Figure
s/Chapter2/Section1/1.png>]
Overfull \hbox (3.08977pt too wide) in paragraph at lines 105--106
\T1/cmr/m/n/12 tions, re-in-force-ment learn-ing ap-proaches like Q-learning fa
ce chal-lenges with large state/ac-
 []

<Figures/Chapter2/Section1/2.png, id=938, 361.95226pt x 353.52075pt>
File: Figures/Chapter2/Section1/2.png Graphic file (type png)
<use Figures/Chapter2/Section1/2.png>
Package pdftex.def Info: Figures/Chapter2/Section1/2.png  used on input line 11
0.
(pdftex.def)             Requested size: 318.66948pt x 311.25565pt.


[35]

[36
pdfTeX warning (ext4): destination with the same identifier (name{figure.2.2}) 
has been already used, duplicate ignored
<argument> ...shipout:D \box_use:N \l_shipout_box 
                                                  \__shipout_drop_firstpage_...
l.136 
       <./Figures/Chapter2/Section1/2.png>]
<Figures/Chapter2/Section1/4.png, id=956, 377.61075pt x 256.5585pt>
File: Figures/Chapter2/Section1/4.png Graphic file (type png)
<use Figures/Chapter2/Section1/4.png>
Package pdftex.def Info: Figures/Chapter2/Section1/4.png  used on input line 16
1.
(pdftex.def)             Requested size: 318.66948pt x 216.51768pt.


LaTeX Warning: Citation `dqn_multi_115' on page 37 undefined on input line 171.




[37]
<Figures/Chapter2/Section1/5.png, id=969, 382.42876pt x 244.5135pt>
File: Figures/Chapter2/Section1/5.png Graphic file (type png)
<use Figures/Chapter2/Section1/5.png>
Package pdftex.def Info: Figures/Chapter2/Section1/5.png  used on input line 18
7.
(pdftex.def)             Requested size: 364.19667pt x 232.86853pt.


LaTeX Warning: `!h' float specifier changed to `!ht'.



[38
pdfTeX warning (ext4): destination with the same identifier (name{figure.2.3}) 
has been already used, duplicate ignored
<argument> ...shipout:D \box_use:N \l_shipout_box 
                                                  \__shipout_drop_firstpage_...
l.206 
       <./Figures/Chapter2/Section1/4.png>]

[39
pdfTeX warning (ext4): destination with the same identifier (name{figure.2.4}) 
has been already used, duplicate ignored
<argument> ...shipout:D \box_use:N \l_shipout_box 
                                                  \__shipout_drop_firstpage_...
l.218 
       <./Figures/Chapter2/Section1/5.png>]

[40]
<Figures/Chapter2/Section1/6.png, id=995, 389.0535pt x 230.0595pt>
File: Figures/Chapter2/Section1/6.png Graphic file (type png)
<use Figures/Chapter2/Section1/6.png>
Package pdftex.def Info: Figures/Chapter2/Section1/6.png  used on input line 23
8.
(pdftex.def)             Requested size: 318.66948pt x 188.4464pt.
<Figures/Chapter2/Section1/7.png, id=998, 377.61075pt x 278.84175pt>
File: Figures/Chapter2/Section1/7.png Graphic file (type png)
<use Figures/Chapter2/Section1/7.png>
Package pdftex.def Info: Figures/Chapter2/Section1/7.png  used on input line 25
4.
(pdftex.def)             Requested size: 318.66948pt x 235.32318pt.


[41
pdfTeX warning (ext4): destination with the same identifier (name{figure.2.5}) 
has been already used, duplicate ignored
<argument> ...shipout:D \box_use:N \l_shipout_box 
                                                  \__shipout_drop_firstpage_...
l.258     T
           o leverage the ultra-low-power capabilities of neuromorphic proce...
 <./Figures/Chapter2/Section1/6.png>]

LaTeX Warning: Citation `244' on page 42 undefined on input line 272.



[42
pdfTeX warning (ext4): destination with the same identifier (name{figure.2.6}) 
has been already used, duplicate ignored
<argument> ...shipout:D \box_use:N \l_shipout_box 
                                                  \__shipout_drop_firstpage_...
l.273 
       <./Figures/Chapter2/Section1/7.png>]

[43]
<Figures/Chapter2/Section1/8.png, id=1021, 251.7405pt x 219.82124pt>
File: Figures/Chapter2/Section1/8.png Graphic file (type png)
<use Figures/Chapter2/Section1/8.png>
Package pdftex.def Info: Figures/Chapter2/Section1/8.png  used on input line 31
1.
(pdftex.def)             Requested size: 318.66948pt x 278.28435pt.

Overfull \hbox (16.6767pt too wide) in paragraph at lines 326--327
\T1/cmr/m/n/12 GMM (Gaus-sian Mix-ture Model) is ap-plied to model static, comp
lex-shaped, two-dimensional
 []



[44
pdfTeX warning (ext4): destination with the same identifier (name{figure.2.7}) 
has been already used, duplicate ignored
<argument> ...shipout:D \box_use:N \l_shipout_box 
                                                  \__shipout_drop_firstpage_...
l.327 
       <./Figures/Chapter2/Section1/8.png>]
<Figures/Chapter2/Section1/9.png, id=1031, 277.63725pt x 187.902pt>
File: Figures/Chapter2/Section1/9.png Graphic file (type png)
<use Figures/Chapter2/Section1/9.png>
Package pdftex.def Info: Figures/Chapter2/Section1/9.png  used on input line 33
1.
(pdftex.def)             Requested size: 318.66948pt x 215.67848pt.


[45
pdfTeX warning (ext4): destination with the same identifier (name{figure.2.8}) 
has been already used, duplicate ignored
<argument> ...shipout:D \box_use:N \l_shipout_box 
                                                  \__shipout_drop_firstpage_...
l.357 
       <./Figures/Chapter2/Section1/9.png>]
<Figures/Chapter2/Section2/1.png, id=1040, 528.7755pt x 447.47176pt>
File: Figures/Chapter2/Section2/1.png Graphic file (type png)
<use Figures/Chapter2/Section2/1.png>
Package pdftex.def Info: Figures/Chapter2/Section2/1.png  used on input line 36
7.
(pdftex.def)             Requested size: 318.66948pt x 269.68pt.


[46
pdfTeX warning (ext4): destination with the same identifier (name{figure.2.9}) 
has been already used, duplicate ignored
<argument> ...shipout:D \box_use:N \l_shipout_box 
                                                  \__shipout_drop_firstpage_...
l.397 
       <./Figures/Chapter2/Section2/1.png>]
Overfull \hbox (4.89812pt too wide) in paragraph at lines 432--432
 []|\T1/cmr/m/n/12 Confidentiality| 
 []


Underfull \hbox (badness 2922) in paragraph at lines 436--437
[]|\T1/cmr/m/n/12 Interception and ma-nip-u-la-tion of ex-
 []


Overfull \hbox (4.89812pt too wide) in paragraph at lines 458--458
 []|\T1/cmr/m/n/12 Confidentiality| 
 []



[47
pdfTeX warning (ext4): destination with the same identifier (name{table.2.1}) h
as been already used, duplicate ignored
<argument> ...shipout:D \box_use:N \l_shipout_box 
                                                  \__shipout_drop_firstpage_...
l.469 
      
pdfTeX warning (ext4): destination with the same identifier (name{table.2.2}) h
as been already used, duplicate ignored
<argument> ...shipout:D \box_use:N \l_shipout_box 
                                                  \__shipout_drop_firstpage_...
l.469 
      ]
<Figures/Chapter2/Section2/4.png, id=1056, 573.342pt x 242.1045pt>
File: Figures/Chapter2/Section2/4.png Graphic file (type png)
<use Figures/Chapter2/Section2/4.png>
Package pdftex.def Info: Figures/Chapter2/Section2/4.png  used on input line 49
0.
(pdftex.def)             Requested size: 318.66948pt x 134.56908pt.


LaTeX Warning: Reference `fig:DoS_Attack' on page 48 undefined on input line 49
5.

<Figures/Chapter2/Section2/5.png, id=1058, 483.0045pt x 251.13824pt>
File: Figures/Chapter2/Section2/5.png Graphic file (type png)
<use Figures/Chapter2/Section2/5.png>
Package pdftex.def Info: Figures/Chapter2/Section2/5.png  used on input line 49
9.
(pdftex.def)             Requested size: 318.66948pt x 165.69044pt.


[48
pdfTeX warning (ext4): destination with the same identifier (name{table.2.3}) h
as been already used, duplicate ignored
<argument> ...shipout:D \box_use:N \l_shipout_box 
                                                  \__shipout_drop_firstpage_...
l.503 
      
pdfTeX warning (ext4): destination with the same identifier (name{figure.2.10})
 has been already used, duplicate ignored
<argument> ...shipout:D \box_use:N \l_shipout_box 
                                                  \__shipout_drop_firstpage_...
l.503 
       <./Figures/Chapter2/Section2/4.png>]
<Figures/Chapter2/Section2/6.png, id=1068, 516.7305pt x 170.43675pt>
File: Figures/Chapter2/Section2/6.png Graphic file (type png)
<use Figures/Chapter2/Section2/6.png>
Package pdftex.def Info: Figures/Chapter2/Section2/6.png  used on input line 51
0.
(pdftex.def)             Requested size: 318.66948pt x 105.11053pt.


[49
pdfTeX warning (ext4): destination with the same identifier (name{figure.2.11})
 has been already used, duplicate ignored
<argument> ...shipout:D \box_use:N \l_shipout_box 
                                                  \__shipout_drop_firstpage_...
l.530 
      
pdfTeX warning (ext4): destination with the same identifier (name{figure.2.12})
 has been already used, duplicate ignored
<argument> ...shipout:D \box_use:N \l_shipout_box 
                                                  \__shipout_drop_firstpage_...
l.530 
       <./Figures/Chapter2/Section2/5.png> <./Figures/Chapter2/Section2/6.png>]
<Figures/Chapter2/Section2/3.png, id=1079, 648.62325pt x 332.442pt>
File: Figures/Chapter2/Section2/3.png Graphic file (type png)
<use Figures/Chapter2/Section2/3.png>
Package pdftex.def Info: Figures/Chapter2/Section2/3.png  used on input line 53
6.
(pdftex.def)             Requested size: 318.66948pt x 163.33424pt.
<Figures/Chapter2/Section2/7.png, id=1081, 342.078pt x 464.33475pt>
File: Figures/Chapter2/Section2/7.png Graphic file (type png)
<use Figures/Chapter2/Section2/7.png>
Package pdftex.def Info: Figures/Chapter2/Section2/7.png  used on input line 54
8.
(pdftex.def)             Requested size: 318.66948pt x 432.57787pt.


[50
pdfTeX warning (ext4): destination with the same identifier (name{figure.2.13})
 has been already used, duplicate ignored
<argument> ...shipout:D \box_use:N \l_shipout_box 
                                                  \__shipout_drop_firstpage_...
l.560 
       <./Figures/Chapter2/Section2/3.png>]

[51
pdfTeX warning (ext4): destination with the same identifier (name{figure.2.14})
 has been already used, duplicate ignored
<argument> ...shipout:D \box_use:N \l_shipout_box 
                                                  \__shipout_drop_firstpage_...
l.569 
       <./Figures/Chapter2/Section2/7.png>])

[52]
\openout2 = `chapter3.aux'.

 (chapter3.tex
Chapter 3.


[53




]
Overfull \hbox (7.0595pt too wide) in paragraph at lines 25--26
\T1/cmr/bx/n/12 Sys-tem (ATSS)\T1/cmr/m/n/12 . This in-no-va-tive sys-tem lever
-ages \T1/cmr/bx/n/12 Un-manned Aerial Ve-hi-cles (UAVs)
 []

<Figures/Chapter3/Method1/1.png, id=1112, 1327.96124pt x 1716.4125pt>
File: Figures/Chapter3/Method1/1.png Graphic file (type png)
<use Figures/Chapter3/Method1/1.png>
Package pdftex.def Info: Figures/Chapter3/Method1/1.png  used on input line 29.

(pdftex.def)             Requested size: 318.66948pt x 411.86885pt.


[54
pdfTeX warning (ext4): destination with the same identifier (name{figure.3.1}) 
has been already used, duplicate ignored
<argument> ...shipout:D \box_use:N \l_shipout_box 
                                                  \__shipout_drop_firstpage_...
l.38     \item U
                tilization of UAVs for flexible and scalable surveillance. <./F
igures/Chapter3/Method1/1.png>]

[55]
<Figures/Chapter3/Method2/1.png, id=1127, 1327.96124pt x 1550.79375pt>
File: Figures/Chapter3/Method2/1.png Graphic file (type png)
<use Figures/Chapter3/Method2/1.png>
Package pdftex.def Info: Figures/Chapter3/Method2/1.png  used on input line 77.

(pdftex.def)             Requested size: 318.66948pt x 372.12712pt.


LaTeX Warning: `h' float specifier changed to `ht'.



[56]

[57
pdfTeX warning (ext4): destination with the same identifier (name{figure.3.2}) 
has been already used, duplicate ignored
<argument> ...shipout:D \box_use:N \l_shipout_box 
                                                  \__shipout_drop_firstpage_...
l.104 
       <./Figures/Chapter3/Method2/1.png>]

[58]
<Figures/Chapter3/Method3/1.png, id=1144, 623.931pt x 428.802pt>
File: Figures/Chapter3/Method3/1.png Graphic file (type png)
<use Figures/Chapter3/Method3/1.png>
Package pdftex.def Info: Figures/Chapter3/Method3/1.png  used on input line 160
.
(pdftex.def)             Requested size: 318.66948pt x 219.01328pt.


[59
pdfTeX warning (ext4): destination with the same identifier (name{figure.3.3}) 
has been already used, duplicate ignored
<argument> ...shipout:D \box_use:N \l_shipout_box 
                                                  \__shipout_drop_firstpage_...
l.167 \subsection
                 {Traffic Monitoring and Violation Detection} <./Figures/Chapte
r3/Method3/1.png>]
Package hyperref Info: bookmark level for unknown algorithm defaults to 0 on in
put line 199.


[60]

[61] Excluding 'comment' comment.

[62]

LaTeX Warning: Reference `tab:clustering_inputs' on page 63 undefined on input 
line 349.



[63
pdfTeX warning (ext4): destination with the same identifier (name{table.3.1}) h
as been already used, duplicate ignored
<argument> ...shipout:D \box_use:N \l_shipout_box 
                                                  \__shipout_drop_firstpage_...
l.421 
      ]
<Figures/Chapter3/Method4/3.png, id=1177, 405.31425pt x 473.3685pt>
File: Figures/Chapter3/Method4/3.png Graphic file (type png)
<use Figures/Chapter3/Method4/3.png>
Package pdftex.def Info: Figures/Chapter3/Method4/3.png  used on input line 467
.
(pdftex.def)             Requested size: 318.66948pt x 372.17293pt.


[64]

[65
pdfTeX warning (ext4): destination with the same identifier (name{figure.3.4}) 
has been already used, duplicate ignored
<argument> ...shipout:D \box_use:N \l_shipout_box 
                                                  \__shipout_drop_firstpage_...
l.481     \item \textbf
                       {Impact of UAV Numbers}: For a small number of UAVs, ...
 <./Figures/Chapter3/Method4/3.png>]
Underfull \hbox (badness 1077) in paragraph at lines 493--493
[]|\T1/cmr/m/n/12 Center of grav-ity of
 []


Underfull \hbox (badness 10000) in paragraph at lines 495--495
[]|\T1/cmr/m/n/12 Static, pre-de-fined
 []


Underfull \hbox (badness 4505) in paragraph at lines 495--495
[]|\T1/cmr/m/n/12 Dynamic, based on
 []


Underfull \hbox (badness 6592) in paragraph at lines 495--496
[]|\T1/cmr/m/n/12 Static, fol-lows pre-
 []


Underfull \hbox (badness 10000) in paragraph at lines 497--497
[]|\T1/cmr/bx/n/12 Application
 []


Underfull \hbox (badness 10000) in paragraph at lines 497--497
[]|\T1/cmr/m/n/12 High-traffic zones
 []


Underfull \hbox (badness 10000) in paragraph at lines 497--497
[]|\T1/cmr/m/n/12 Crowd mon-i-tor-ing,
 []


Underfull \hbox (badness 10000) in paragraph at lines 499--499
[]|\T1/cmr/m/n/12 Variable, de-pend-ing
 []


Overfull \hbox (21.54718pt too wide) in paragraph at lines 488--502
 [][] 
 []



[66
pdfTeX warning (ext4): destination with the same identifier (name{table.3.2}) h
as been already used, duplicate ignored
<argument> ...shipout:D \box_use:N \l_shipout_box 
                                                  \__shipout_drop_firstpage_...
l.516     \item \textbf
                       {Environmental Factors}: Adverse weather conditions, ...
]
Overfull \hbox (6.32632pt too wide) in paragraph at lines 535--536
[]\T1/cmr/bx/n/12 Network Or-ga-ni-za-tion\T1/cmr/m/n/12 : Es-tab-lish-ing a ro
-bust and energy-efficient back-bone among
 []



[67]

[68]

[69
pdfTeX warning (ext4): destination with the same identifier (name{table.3.3}) h
as been already used, duplicate ignored
<argument> ...shipout:D \box_use:N \l_shipout_box 
                                                  \__shipout_drop_firstpage_...
l.653 
      ]
<Figures/Chapter3/Method5/1.png, id=1223, 657.657pt x 205.36725pt>
File: Figures/Chapter3/Method5/1.png Graphic file (type png)
<use Figures/Chapter3/Method5/1.png>
Package pdftex.def Info: Figures/Chapter3/Method5/1.png  used on input line 665
.
(pdftex.def)             Requested size: 318.66948pt x 99.51524pt.


[70
pdfTeX warning (ext4): destination with the same identifier (name{table.3.4}) h
as been already used, duplicate ignored
<argument> ...shipout:D \box_use:N \l_shipout_box 
                                                  \__shipout_drop_firstpage_...
l.685     \item \textbf
                       {Property 1}: \( D \) forms a dominating set in \( G \).

pdfTeX warning (ext4): destination with the same identifier (name{figure.3.5}) 
has been already used, duplicate ignored
<argument> ...shipout:D \box_use:N \l_shipout_box 
                                                  \__shipout_drop_firstpage_...
l.685     \item \textbf
                       {Property 1}: \( D \) forms a dominating set in \( G \).
 <./Figures/Chapter3/Method5/1.png>]
<Figures/Chapter3/Method5/2.png, id=1232, 239.09325pt x 128.27925pt>
File: Figures/Chapter3/Method5/2.png Graphic file (type png)
<use Figures/Chapter3/Method5/2.png>
Package pdftex.def Info: Figures/Chapter3/Method5/2.png  used on input line 699
.
(pdftex.def)             Requested size: 318.66948pt x 170.99486pt.


[71
pdfTeX warning (ext4): destination with the same identifier (name{figure.3.6}) 
has been already used, duplicate ignored
<argument> ...shipout:D \box_use:N \l_shipout_box 
                                                  \__shipout_drop_firstpage_...
l.720     \item M
                 ovement information: used to estimate the connection durati...
 <./Figures/Chapter3/Method5/2.png>]
<Figures/Chapter3/Method5/4.png, id=1239, 660.66824pt x 419.76825pt>
File: Figures/Chapter3/Method5/4.png Graphic file (type png)
<use Figures/Chapter3/Method5/4.png>
Package pdftex.def Info: Figures/Chapter3/Method5/4.png  used on input line 744
.
(pdftex.def)             Requested size: 318.66948pt x 202.47285pt.


[72]

[73
pdfTeX warning (ext4): destination with the same identifier (name{figure.3.7}) 
has been already used, duplicate ignored
<argument> ...shipout:D \box_use:N \l_shipout_box 
                                                  \__shipout_drop_firstpage_...
l.785     \item
                \textbf{PDR}: The proposed protocol outperforms others, incr...

pdfTeX warning (ext4): destination with the same identifier (name{table.3.5}) h
as been already used, duplicate ignored
<argument> ...shipout:D \box_use:N \l_shipout_box 
                                                  \__shipout_drop_firstpage_...
l.785     \item
                \textbf{PDR}: The proposed protocol outperforms others, incr...
 <./Figures/Chapter3/Method5/4.png>]

[74]

[75]
<Figures/Chapter3/Method6/1.png, id=1268, 592.01175pt x 268.00125pt>
File: Figures/Chapter3/Method6/1.png Graphic file (type png)
<use Figures/Chapter3/Method6/1.png>
Package pdftex.def Info: Figures/Chapter3/Method6/1.png  used on input line 843
.
(pdftex.def)             Requested size: 318.66948pt x 144.2605pt.


[76
pdfTeX warning (ext4): destination with the same identifier (name{figure.3.8}) 
has been already used, duplicate ignored
<argument> ...shipout:D \box_use:N \l_shipout_box 
                                                  \__shipout_drop_firstpage_...
l.880     \begin{equation}
                           <./Figures/Chapter3/Method6/1.png>]

LaTeX Warning: Reference `fig:uav_movement' on page 77 undefined on input line 
887.

<Figures/Chapter3/Method6/2.png, id=1281, 427.5975pt x 174.6525pt>
File: Figures/Chapter3/Method6/2.png Graphic file (type png)
<use Figures/Chapter3/Method6/2.png>
Package pdftex.def Info: Figures/Chapter3/Method6/2.png  used on input line 891
.
(pdftex.def)             Requested size: 318.66948pt x 130.16023pt.


[77
pdfTeX warning (ext4): destination with the same identifier (name{figure.3.9}) 
has been already used, duplicate ignored
<argument> ...shipout:D \box_use:N \l_shipout_box 
                                                  \__shipout_drop_firstpage_...
l.914 \end{itemize}
                    <./Figures/Chapter3/Method6/2.png>]

[78
pdfTeX warning (ext4): destination with the same identifier (name{table.3.6}) h
as been already used, duplicate ignored
<argument> ...shipout:D \box_use:N \l_shipout_box 
                                                  \__shipout_drop_firstpage_...
l.959     \item \textbf
                       {Environmental Sensitivity:} Adverse weather conditio...
])

[79]
\openout2 = `Syntheses.aux'.

 (Syntheses.tex)

[80




] (main.bbl

[81



]

[82]

[83])

[84] (main.aux (extra_begining.aux) (introduction.aux) (chapter1.aux)
(chapter2.aux) (chapter3.aux) (Syntheses.aux))
 ***********
LaTeX2e <2024-11-01> patch level 2
L3 programming layer <2025-03-26>
 ***********


LaTeX Warning: There were undefined references.


LaTeX Warning: There were multiply-defined labels.

Package rerunfilecheck Info: File `main.out' has not changed.
(rerunfilecheck)             Checksum: F67D887F0F6478FA8646948F3FA70294;18338.
 ) 
Here is how much of TeX's memory you used:
 16785 strings out of 469959
 271772 string characters out of 5470802
 677674 words of memory out of 5000000
 42940 multiletter control sequences out of 15000+600000
 646030 words of font info for 86 fonts, out of 8000000 for 9000
 1141 hyphenation exceptions out of 8191
 75i,28n,79p,1266b,663s stack positions out of 10000i,1000n,20000p,200000b,200000s
 <C:\Users\mps\AppData\Local\MiKTeX\fonts/pk/ljfour/jknappen/ec/dpi600\ecrm08
00.pk> <C:\Users\mps\AppData\Local\MiKTeX\fonts/pk/ljfour/jknappen/ec/dpi600\ec
ti0800.pk> <C:\Users\mps\AppData\Local\MiKTeX\fonts/pk/ljfour/jknappen/ec/dpi60
0\ectt1200.pk> <C:\Users\mps\AppData\Local\MiKTeX\fonts/pk/ljfour/jknappen/ec/d
pi600\ecbx1440.pk> <C:\Users\mps\AppData\Local\MiKTeX\fonts/pk/ljfour/jknappen/
ec/dpi600\ecti1200.pk> <C:\Users\mps\AppData\Local\MiKTeX\fonts/pk/ljfour/jknap
pen/ec/dpi600\ecbx1200.pk> <C:\Users\mps\AppData\Local\MiKTeX\fonts/pk/ljfour/j
knappen/ec/dpi600\tcrm1200.pk> <C:\Users\mps\AppData\Local\MiKTeX\fonts/pk/ljfo
ur/jknappen/ec/dpi600\ecbx1728.pk> <C:\Users\mps\AppData\Local\MiKTeX\fonts/pk/
ljfour/jknappen/ec/dpi600\ecrm1200.pk> <C:\Users\mps\AppData\Local\MiKTeX\fonts
/pk/ljfour/jknappen/ec/dpi600\ecbx2488.pk> <C:\Users\mps\AppData\Local\MiKTeX\f
onts/pk/ljfour/jknappen/ec/dpi600\ecrm1440.pk> <C:\Users\mps\AppData\Local\MiKT
eX\fonts/pk/ljfour/jknappen/ec/dpi600\ecbx2074.pk><C:/Users/mps/AppData/Local/P
rograms/MiKTeX/fonts/type1/public/amsfonts/cm/cmex10.pfb><C:/Users/mps/AppData/
Local/Programs/MiKTeX/fonts/type1/public/amsfonts/cm/cmmi12.pfb><C:/Users/mps/A
ppData/Local/Programs/MiKTeX/fonts/type1/public/amsfonts/cm/cmmi6.pfb><C:/Users
/mps/AppData/Local/Programs/MiKTeX/fonts/type1/public/amsfonts/cm/cmmi8.pfb><C:
/Users/mps/AppData/Local/Programs/MiKTeX/fonts/type1/public/amsfonts/cm/cmr12.p
fb><C:/Users/mps/AppData/Local/Programs/MiKTeX/fonts/type1/public/amsfonts/cm/c
mr6.pfb><C:/Users/mps/AppData/Local/Programs/MiKTeX/fonts/type1/public/amsfonts
/cm/cmr8.pfb><C:/Users/mps/AppData/Local/Programs/MiKTeX/fonts/type1/public/ams
fonts/cm/cmsy10.pfb><C:/Users/mps/AppData/Local/Programs/MiKTeX/fonts/type1/pub
lic/amsfonts/cm/cmsy6.pfb><C:/Users/mps/AppData/Local/Programs/MiKTeX/fonts/typ
e1/public/amsfonts/cm/cmsy8.pfb><C:/Users/mps/AppData/Local/Programs/MiKTeX/fon
ts/type1/public/amsfonts/symbols/msam10.pfb>
Output written on main.pdf (85 pages, 4623406 bytes).
PDF statistics:
 1971 PDF objects out of 2073 (max. 8388607)
 350 named destinations out of 1000 (max. 500000)
 914 words of extra memory for PDF output out of 10000 (max. 10000000)

